{INFO}  DealershipMain  DealershipMain.java  36  Welcome to The Java Dealership where our coffee is hot and our prices are hotter!  02-Feb-2021 Tuesday PST 13:52:23
{INFO}  DealershipMain  DealershipMain.java  37  ----------------------------------------------------------  02-Feb-2021 Tuesday PST 13:52:23
{INFO}  DealershipMain  DealershipMain.java  38  What would you like to do?  02-Feb-2021 Tuesday PST 13:52:23
{INFO}  DealershipMain  DealershipMain.java  39         02-Feb-2021 Tuesday PST 13:52:23
{INFO}  DealershipMain  DealershipMain.java  40  1) Create a Java Dealership account  02-Feb-2021 Tuesday PST 13:52:23
{INFO}  DealershipMain  DealershipMain.java  41  2) Login  02-Feb-2021 Tuesday PST 13:52:23
{INFO}  DealershipMain  DealershipMain.java  42  3) Exit  02-Feb-2021 Tuesday PST 13:52:23
{INFO}  LoginMenu  LoginMenu.java  40  Please select one of the following choices  02-Feb-2021 Tuesday PST 13:52:27
{INFO}  LoginMenu  LoginMenu.java  41         02-Feb-2021 Tuesday PST 13:52:27
{INFO}  LoginMenu  LoginMenu.java  42  1) Input login credentials  02-Feb-2021 Tuesday PST 13:52:27
{INFO}  LoginMenu  LoginMenu.java  43  2) Go back to the Main Menu  02-Feb-2021 Tuesday PST 13:52:27
{INFO}  LoginMenu  LoginMenu.java  56  Please enter you username  02-Feb-2021 Tuesday PST 13:52:29
{INFO}  LoginMenu  LoginMenu.java  58         02-Feb-2021 Tuesday PST 13:52:36
{INFO}  LoginMenu  LoginMenu.java  59  Please enter in your password  02-Feb-2021 Tuesday PST 13:52:36
{INFO}  EmployeeMenu  EmployeeMenu.java  42  Welcome back employee1. What would you like to do?  02-Feb-2021 Tuesday PST 13:52:39
{INFO}  EmployeeMenu  EmployeeMenu.java  43         02-Feb-2021 Tuesday PST 13:52:39
{INFO}  EmployeeMenu  EmployeeMenu.java  44  1) Add a new car to the lot  02-Feb-2021 Tuesday PST 13:52:39
{INFO}  EmployeeMenu  EmployeeMenu.java  45  2) Review car offers  02-Feb-2021 Tuesday PST 13:52:39
{INFO}  EmployeeMenu  EmployeeMenu.java  46  3) Remove a car from the lot  02-Feb-2021 Tuesday PST 13:52:39
{INFO}  EmployeeMenu  EmployeeMenu.java  47  4) View Payments  02-Feb-2021 Tuesday PST 13:52:39
{INFO}  EmployeeMenu  EmployeeMenu.java  48  5) Logout  02-Feb-2021 Tuesday PST 13:52:39
{INFO}  EmployeeMenu  EmployeeMenu.java  64  Please fill in the car details.  02-Feb-2021 Tuesday PST 13:52:41
{INFO}  EmployeeMenu  EmployeeMenu.java  65         02-Feb-2021 Tuesday PST 13:52:41
{INFO}  EmployeeMenu  EmployeeMenu.java  66  What is the car's make?  02-Feb-2021 Tuesday PST 13:52:41
{INFO}  EmployeeMenu  EmployeeMenu.java  68         02-Feb-2021 Tuesday PST 13:52:46
{INFO}  EmployeeMenu  EmployeeMenu.java  69  What is the car's model?  02-Feb-2021 Tuesday PST 13:52:46
{INFO}  EmployeeMenu  EmployeeMenu.java  71         02-Feb-2021 Tuesday PST 13:52:54
{INFO}  EmployeeMenu  EmployeeMenu.java  72  What color is the car?  02-Feb-2021 Tuesday PST 13:52:54
{INFO}  EmployeeMenu  EmployeeMenu.java  74         02-Feb-2021 Tuesday PST 13:53:03
{INFO}  EmployeeMenu  EmployeeMenu.java  75  How much is the car?  02-Feb-2021 Tuesday PST 13:53:03
{INFO}  EmployeeMenu  EmployeeMenu.java  42  Welcome back employee1. What would you like to do?  02-Feb-2021 Tuesday PST 13:53:08
{INFO}  EmployeeMenu  EmployeeMenu.java  43         02-Feb-2021 Tuesday PST 13:53:08
{INFO}  EmployeeMenu  EmployeeMenu.java  44  1) Add a new car to the lot  02-Feb-2021 Tuesday PST 13:53:08
{INFO}  EmployeeMenu  EmployeeMenu.java  45  2) Review car offers  02-Feb-2021 Tuesday PST 13:53:08
{INFO}  EmployeeMenu  EmployeeMenu.java  46  3) Remove a car from the lot  02-Feb-2021 Tuesday PST 13:53:08
{INFO}  EmployeeMenu  EmployeeMenu.java  47  4) View Payments  02-Feb-2021 Tuesday PST 13:53:08
{INFO}  EmployeeMenu  EmployeeMenu.java  48  5) Logout  02-Feb-2021 Tuesday PST 13:53:08
{INFO}  EmployeeMenu  EmployeeMenu.java  96  Logging out....  02-Feb-2021 Tuesday PST 13:53:12
{INFO}  LoginMenu  LoginMenu.java  40  Please select one of the following choices  02-Feb-2021 Tuesday PST 13:53:12
{INFO}  LoginMenu  LoginMenu.java  41         02-Feb-2021 Tuesday PST 13:53:12
{INFO}  LoginMenu  LoginMenu.java  42  1) Input login credentials  02-Feb-2021 Tuesday PST 13:53:12
{INFO}  LoginMenu  LoginMenu.java  43  2) Go back to the Main Menu  02-Feb-2021 Tuesday PST 13:53:12
{INFO}  LoginMenu  LoginMenu.java  87  Going backto the Main Menu  02-Feb-2021 Tuesday PST 13:53:14
{INFO}  DealershipMain  DealershipMain.java  36  Welcome to The Java Dealership where our coffee is hot and our prices are hotter!  02-Feb-2021 Tuesday PST 13:53:14
{INFO}  DealershipMain  DealershipMain.java  37  ----------------------------------------------------------  02-Feb-2021 Tuesday PST 13:53:14
{INFO}  DealershipMain  DealershipMain.java  38  What would you like to do?  02-Feb-2021 Tuesday PST 13:53:14
{INFO}  DealershipMain  DealershipMain.java  39         02-Feb-2021 Tuesday PST 13:53:14
{INFO}  DealershipMain  DealershipMain.java  40  1) Create a Java Dealership account  02-Feb-2021 Tuesday PST 13:53:14
{INFO}  DealershipMain  DealershipMain.java  41  2) Login  02-Feb-2021 Tuesday PST 13:53:14
{INFO}  DealershipMain  DealershipMain.java  42  3) Exit  02-Feb-2021 Tuesday PST 13:53:14
{INFO}  DealershipMain  DealershipMain.java  74  Thank you for visiting The Java Dealership. We hope to see you again real soon.  02-Feb-2021 Tuesday PST 13:53:15
